#
# There is insufficient memory for the Java Runtime Environment to continue.
# Native memory allocation (mmap) failed to map 127926272 bytes. Error detail: G1 virtual space
# Possible reasons:
#   The system is out of physical RAM or swap space
#   This process is running with CompressedOops enabled, and the Java Heap may be blocking the growth of the native heap
# Possible solutions:
#   Reduce memory load on the system
#   Increase physical memory or swap space
#   Check if swap backing store is full
#   Decrease Java heap size (-Xmx/-Xms)
#   Decrease number of Java threads
#   Decrease Java thread stack sizes (-Xss)
#   Set larger code cache with -XX:ReservedCodeCacheSize=
#   JVM is running with Unscaled Compressed Oops mode in which the Java heap is
#     placed in the first 4GB address space. The Java Heap base address is the
#     maximum limit for the native heap growth. Please use -XX:HeapBaseMinAddress
#     to set the Java Heap base and to place the Java Heap above 4GB virtual address.
# This output file may be truncated or incomplete.
#
#  Out of Memory Error (os_windows.cpp:3828), pid=11308, tid=16340
#
# JRE version:  (21.0.4) (build )
# Java VM: OpenJDK 64-Bit Server VM (21.0.4+-12508038-b607.1, mixed mode, sharing, tiered, compressed oops, compressed class ptrs, g1 gc, windows-amd64)
# No core dump will be written. Minidumps are not enabled by default on client versions of Windows
#

---------------  S U M M A R Y ------------

Command Line: git4idea.http.GitAskPassApp Username for 'https://github.com': 

Host: Intel(R) Core(TM) i7-6600U CPU @ 2.60GHz, 4 cores, 7G,  Windows 10 , 64 bit Build 19041 (10.0.19041.5198)
Time: Tue Feb 11 15:23:54 2025 E. Africa Standard Time elapsed time: 0.054534 seconds (0d 0h 0m 0s)

---------------  T H R E A D  ---------------

Current thread (0x000001fb8d3dd170):  JavaThread "Unknown thread" [_thread_in_vm, id=16340, stack(0x0000005567700000,0x0000005567800000) (1024K)]

Stack: [0x0000005567700000,0x0000005567800000]
Native frames: (J=compiled Java code, j=interpreted, Vv=VM code, C=native code)
V  [jvm.dll+0x6ce539]
V  [jvm.dll+0x85bf03]
V  [jvm.dll+0x85e45e]
V  [jvm.dll+0x85eb43]
V  [jvm.dll+0x27dd06]
V  [jvm.dll+0x6cada5]
V  [jvm.dll+0x6bf27a]
V  [jvm.dll+0x3541fb]
V  [jvm.dll+0x35be36]
V  [jvm.dll+0x3adbc6]
V  [jvm.dll+0x3ade98]
V  [jvm.dll+0x32691c]
V  [jvm.dll+0x32760b]
V  [jvm.dll+0x823959]
V  [jvm.dll+0x3bacf8]
V  [jvm.dll+0x80cd58]
V  [jvm.dll+0x44ef2e]
V  [jvm.dll+0x450691]
C  [jli.dll+0x52ab]
C  [ucrtbase.dll+0x21bb2]
C  [KERNEL32.DLL+0x17374]
C  [ntdll.dll+0x4cc91]


---------------  P R O C E S S  ---------------

Threads class SMR info:
_java_thread_list=0x00007ffeeca9a808, length=0, elements={
}

Java Threads: ( => current thread )
Total: 0

Other Threads:
  0x000001fb8f54cdd0 WorkerThread "GC Thread#0"                     [id=20276, stack(0x0000005567800000,0x0000005567900000) (1024K)]
  0x000001fb8f55da80 ConcurrentGCThread "G1 Main Marker"            [id=25976, stack(0x0000005567900000,0x0000005567a00000) (1024K)]
  0x000001fb8f55e6f0 WorkerThread "G1 Conc#0"                       [id=24128, stack(0x0000005567a00000,0x0000005567b00000) (1024K)]

[error occurred during error reporting (printing all threads), id 0xc0000005, EXCEPTION_ACCESS_VIOLATION (0xc0000005) at pc=0x00007ffeec299957]
VM state: not at safepoint (not fully initialized)

VM Mutex/Monitor currently owned by a thread:  ([mutex/lock_event])
[0x00007ffeecb073f8] Heap_lock - owner thread: 0x000001fb8d3dd170

Heap address: 0x0000000086200000, size: 1950 MB, Compressed Oops mode: 32-bit

CDS archive(s) mapped at: [0x0000000000000000-0x0000000000000000-0x0000000000000000), size 0, SharedBaseAddress: 0x0000000800000000, ArchiveRelocationMode: 1.
Narrow klass base: 0x0000000000000000, Narrow klass shift: 0, Narrow klass range: 0x0

GC Precious Log:
 CardTable entry size: 512
 Card Set container configuration: InlinePtr #cards 5 size 8 Array Of Cards #cards 12 size 40 Howl #buckets 4 coarsen threshold 1843 Howl Bitmap #cards 512 size 80 coarsen threshold 460 Card regions per heap region 1 cards per card region 2048

Heap:
 garbage-first heap   total 0K, used 0K [0x0000000086200000, 0x0000000100000000)
  region size 1024K, 0 young (0K), 0 survivors (0K)
 Metaspace       used 0K, committed 0K, reserved 0K
  class space    used 0K, committed 0K, reserved 0K

Heap Regions: E=young(eden), S=young(survivor), O=old, HS=humongous(starts), HC=humongous(continues), CS=collection set, F=free, TAMS=top-at-mark-start, PB=parsable bottom

Card table byte_map: [0x000001fba1a20000,0x000001fba1df0000] _byte_map_base: 0x000001fba15ef000

Marking Bits: (CMBitMap*) 0x000001fb8f54d4d0
 Bits: [0x000001fba1df0000, 0x000001fba3c68000)

GC Heap History (0 events):
No events

Dll operation events (1 events):
Event: 0.034 Loaded shared library C:\Program Files\Android\Android Studio1\jbr\bin\java.dll

Deoptimization events (0 events):
No events

Classes loaded (0 events):
No events

Classes unloaded (0 events):
No events

Classes redefined (0 events):
No events

Internal exceptions (0 events):
No events

ZGC Phase Switch (0 events):
No events

VM Operations (0 events):
No events

Memory protections (0 events):
No events

Nmethod flushes (0 events):
No events

Events (0 events):
No events


Dynamic libraries:
0x00007ff77caf0000 - 0x00007ff77cafa000 	C:\Program Files\Android\Android Studio1\jbr\bin\java.exe
0x00007fff3f3d0000 - 0x00007fff3f5c8000 	C:\WINDOWS\SYSTEM32\ntdll.dll
0x00007fff3f0a0000 - 0x00007fff3f162000 	C:\WINDOWS\System32\KERNEL32.DLL
0x00007fff3cfe0000 - 0x00007fff3d2df000 	C:\WINDOWS\System32\KERNELBASE.dll
0x00007fff3ca90000 - 0x00007fff3cb90000 	C:\WINDOWS\System32\ucrtbase.dll
0x00007fff317b0000 - 0x00007fff317cb000 	C:\Program Files\Android\Android Studio1\jbr\bin\VCRUNTIME140.dll
0x00007fff2d980000 - 0x00007fff2d998000 	C:\Program Files\Android\Android Studio1\jbr\bin\jli.dll
0x00007fff3ecc0000 - 0x00007fff3ee5d000 	C:\WINDOWS\System32\USER32.dll
0x00007fff3cfb0000 - 0x00007fff3cfd2000 	C:\WINDOWS\System32\win32u.dll
0x00007fff3df20000 - 0x00007fff3df4b000 	C:\WINDOWS\System32\GDI32.dll
0x00007fff3cc90000 - 0x00007fff3cda7000 	C:\WINDOWS\System32\gdi32full.dll
0x00007fff2e110000 - 0x00007fff2e3aa000 	C:\WINDOWS\WinSxS\amd64_microsoft.windows.common-controls_6595b64144ccf1df_6.0.19041.4355_none_60b8b9eb71f62e16\COMCTL32.dll
0x00007fff3cdb0000 - 0x00007fff3ce4d000 	C:\WINDOWS\System32\msvcp_win.dll
0x00007fff3e360000 - 0x00007fff3e3fe000 	C:\WINDOWS\System32\msvcrt.dll
0x00007fff3f290000 - 0x00007fff3f2bf000 	C:\WINDOWS\System32\IMM32.DLL
0x00007fff38bd0000 - 0x00007fff38bdc000 	C:\Program Files\Android\Android Studio1\jbr\bin\vcruntime140_1.dll
0x00007fff15260000 - 0x00007fff152ed000 	C:\Program Files\Android\Android Studio1\jbr\bin\msvcp140.dll
0x00007ffeebf60000 - 0x00007ffeecbe3000 	C:\Program Files\Android\Android Studio1\jbr\bin\server\jvm.dll
0x00007fff3df50000 - 0x00007fff3e001000 	C:\WINDOWS\System32\ADVAPI32.dll
0x00007fff3f000000 - 0x00007fff3f09f000 	C:\WINDOWS\System32\sechost.dll
0x00007fff3dca0000 - 0x00007fff3ddc3000 	C:\WINDOWS\System32\RPCRT4.dll
0x00007fff3ca60000 - 0x00007fff3ca87000 	C:\WINDOWS\System32\bcrypt.dll
0x00007fff3e140000 - 0x00007fff3e1ab000 	C:\WINDOWS\System32\WS2_32.dll
0x00007fff3c390000 - 0x00007fff3c3db000 	C:\WINDOWS\SYSTEM32\POWRPROF.dll
0x00007fff241f0000 - 0x00007fff24217000 	C:\WINDOWS\SYSTEM32\WINMM.dll
0x00007fff3aa10000 - 0x00007fff3aa1a000 	C:\WINDOWS\SYSTEM32\VERSION.dll
0x00007fff3c250000 - 0x00007fff3c262000 	C:\WINDOWS\SYSTEM32\UMPDC.dll
0x00007fff3b280000 - 0x00007fff3b292000 	C:\WINDOWS\SYSTEM32\kernel.appcore.dll
0x00007fff36490000 - 0x00007fff3649a000 	C:\Program Files\Android\Android Studio1\jbr\bin\jimage.dll
0x00007fff285a0000 - 0x00007fff28784000 	C:\WINDOWS\SYSTEM32\DBGHELP.DLL
0x00007fff283b0000 - 0x00007fff283e4000 	C:\WINDOWS\SYSTEM32\dbgcore.DLL
0x00007fff3cc00000 - 0x00007fff3cc82000 	C:\WINDOWS\System32\bcryptPrimitives.dll
0x00007fff31750000 - 0x00007fff31770000 	C:\Program Files\Android\Android Studio1\jbr\bin\java.dll

dbghelp: loaded successfully - version: 4.0.5 - missing functions: none
symbol engine: initialized successfully - sym options: 0x614 - pdb path: .;C:\Program Files\Android\Android Studio1\jbr\bin;C:\WINDOWS\SYSTEM32;C:\WINDOWS\WinSxS\amd64_microsoft.windows.common-controls_6595b64144ccf1df_6.0.19041.4355_none_60b8b9eb71f62e16;C:\Program Files\Android\Android Studio1\jbr\bin\server

VM Arguments:
java_command: git4idea.http.GitAskPassApp Username for 'https://github.com': 
java_class_path (initial): C:/Program Files/Android/Android Studio1/plugins/vcs-git/lib/git4idea-rt.jar;C:/Program Files/Android/Android Studio1/lib/externalProcess-rt.jar
Launcher Type: SUN_STANDARD

[Global flags]
     intx CICompilerCount                          = 3                                         {product} {ergonomic}
     uint ConcGCThreads                            = 1                                         {product} {ergonomic}
     uint G1ConcRefinementThreads                  = 4                                         {product} {ergonomic}
   size_t G1HeapRegionSize                         = 1048576                                   {product} {ergonomic}
    uintx GCDrainStackTargetSize                   = 64                                        {product} {ergonomic}
   size_t InitialHeapSize                          = 127926272                                 {product} {ergonomic}
   size_t MarkStackSize                            = 4194304                                   {product} {ergonomic}
   size_t MaxHeapSize                              = 2044723200                                {product} {ergonomic}
   size_t MinHeapDeltaBytes                        = 1048576                                   {product} {ergonomic}
   size_t MinHeapSize                              = 8388608                                   {product} {ergonomic}
    uintx NonNMethodCodeHeapSize                   = 5832780                                {pd product} {ergonomic}
    uintx NonProfiledCodeHeapSize                  = 122912730                              {pd product} {ergonomic}
    uintx ProfiledCodeHeapSize                     = 122912730                              {pd product} {ergonomic}
    uintx ReservedCodeCacheSize                    = 251658240                              {pd product} {ergonomic}
     bool SegmentedCodeCache                       = true                                      {product} {ergonomic}
   size_t SoftMaxHeapSize                          = 2044723200                             {manageable} {ergonomic}
     bool UseCompressedOops                        = true                           {product lp64_product} {ergonomic}
     bool UseG1GC                                  = true                                      {product} {ergonomic}
     bool UseLargePagesIndividualAllocation        = false                                  {pd product} {ergonomic}

Logging:
Log output configuration:
 #0: stdout all=warning uptime,level,tags foldmultilines=false
 #1: stderr all=off uptime,level,tags foldmultilines=false

Environment Variables:
PATH=C:\Program Files\Git\mingw64\libexec\git-core;C:\Program Files\Git\mingw64\libexec\git-core;C:\Program Files\Git\mingw64\bin;C:\Program Files\Git\usr\bin;C:\Users\husse\bin;C:\Program Files\Eclipse Adoptium\jdk-17.0.14.7-hotspot\bin;C:\Program Files\Eclipse Adoptium\jdk-21.0.6.7-hotspot\bin;C:\Program Files\MySQL\MySQL Server 8.0\bin;C:\Program Files\MySQL\MySQL Shell 8.0\bin;C:\Users\husse\AppData\Local\Microsoft\WindowsApps;C:\Program Files\JetBrains\IntelliJ IDEA Community Edition 2024.1.1\bin;C:\Users\husse\AppData\Roaming\npm;C:\Users\husse\AppData\Local\JetBrains\IntelliJ IDEA 2024.2.3\bin
USERNAME=husse
DISPLAY=:0.0
LC_ALL=en_US.UTF-8
TERM=xterm-256color
TMPDIR=C:\Users\husse\AppData\Local\Temp
OS=Windows_NT
PROCESSOR_IDENTIFIER=Intel64 Family 6 Model 78 Stepping 3, GenuineIntel
TMP=C:\Users\husse\AppData\Local\Temp
TEMP=C:\Users\husse\AppData\Local\Temp




Periodic native trim disabled

JNI global refs:
JNI global refs: 0, weak refs: 0

JNI global refs memory usage: 0, weak refs: 0

Process memory usage:
Resident Set Size: 10200K (0% of 7982016K total physical memory with 308728K free physical memory)

OOME stack traces (most recent first):
Classloader memory used:

---------------  S Y S T E M  ---------------

OS:
 Windows 10 , 64 bit Build 19041 (10.0.19041.5198)
OS uptime: 20 days 4:41 hours

CPU: total 4 (initial active 4) (2 cores per cpu, 2 threads per core) family 6 model 78 stepping 3 microcode 0xdc, cx8, cmov, fxsr, ht, mmx, 3dnowpref, sse, sse2, sse3, ssse3, sse4.1, sse4.2, popcnt, lzcnt, tsc, tscinvbit, avx, avx2, aes, erms, clmul, bmi1, bmi2, rtm, adx, fma, vzeroupper, clflush, clflushopt, rdtscp, f16c
Processor Information for all 4 processors :
  Max Mhz: 2808, Current Mhz: 2607, Mhz Limit: 2583

Memory: 4k page, system-wide physical 7794M (301M free)
TotalPageFile size 31346M (AvailPageFile size 115M)
current process WorkingSet (physical memory assigned to process): 9M, peak: 9M
current process commit charge ("private bytes"): 51M, peak: 173M

vm_info: OpenJDK 64-Bit Server VM (21.0.4+-12508038-b607.1) for windows-amd64 JRE (21.0.4+-12508038-b607.1), built on 2024-10-16T17:23:34Z by "builder" with MS VC++ 16.10 / 16.11 (VS2019)

END.
